{"/Users/evgenijfedoseev/development/frontend/vue-ecommerce-ddd-demo/src/domain/mocks/notifier.mocks.ts": {"path":"/Users/evgenijfedoseev/development/frontend/vue-ecommerce-ddd-demo/src/domain/mocks/notifier.mocks.ts","all":false,"statementMap":{"0":{"start":{"line":1,"column":0},"end":{"line":1,"column":85}},"1":{"start":{"line":2,"column":0},"end":{"line":2,"column":0}},"2":{"start":{"line":3,"column":0},"end":{"line":3,"column":65}},"3":{"start":{"line":4,"column":0},"end":{"line":4,"column":18}},"4":{"start":{"line":5,"column":0},"end":{"line":5,"column":18}},"5":{"start":{"line":6,"column":0},"end":{"line":6,"column":4}},"6":{"start":{"line":7,"column":0},"end":{"line":7,"column":2}}},"s":{"0":1,"1":1,"2":1,"3":1,"4":5,"5":5,"6":1},"branchMap":{"0":{"type":"branch","line":4,"loc":{"start":{"line":4,"column":2},"end":{"line":6,"column":4}},"locations":[{"start":{"line":4,"column":2},"end":{"line":6,"column":4}}]}},"b":{"0":[5]},"fnMap":{"0":{"name":"notify","decl":{"start":{"line":4,"column":2},"end":{"line":6,"column":4}},"loc":{"start":{"line":4,"column":2},"end":{"line":6,"column":4}},"line":4}},"f":{"0":5}}
,"/Users/evgenijfedoseev/development/frontend/vue-ecommerce-ddd-demo/src/domain/mocks/product.mock.ts": {"path":"/Users/evgenijfedoseev/development/frontend/vue-ecommerce-ddd-demo/src/domain/mocks/product.mock.ts","all":false,"statementMap":{"0":{"start":{"line":1,"column":0},"end":{"line":1,"column":8}},"1":{"start":{"line":2,"column":0},"end":{"line":2,"column":22}},"2":{"start":{"line":3,"column":0},"end":{"line":3,"column":20}},"3":{"start":{"line":4,"column":0},"end":{"line":4,"column":53}},"4":{"start":{"line":5,"column":0},"end":{"line":5,"column":74}},"5":{"start":{"line":6,"column":0},"end":{"line":6,"column":55}},"6":{"start":{"line":7,"column":0},"end":{"line":7,"column":53}},"7":{"start":{"line":8,"column":0},"end":{"line":8,"column":0}},"8":{"start":{"line":9,"column":0},"end":{"line":9,"column":37}},"9":{"start":{"line":10,"column":0},"end":{"line":10,"column":19}},"10":{"start":{"line":11,"column":0},"end":{"line":11,"column":22}},"11":{"start":{"line":12,"column":0},"end":{"line":12,"column":8}},"12":{"start":{"line":13,"column":0},"end":{"line":13,"column":16}},"13":{"start":{"line":14,"column":0},"end":{"line":14,"column":13}},"14":{"start":{"line":15,"column":0},"end":{"line":15,"column":11}},"15":{"start":{"line":16,"column":0},"end":{"line":16,"column":15}},"16":{"start":{"line":17,"column":0},"end":{"line":17,"column":14}},"17":{"start":{"line":18,"column":0},"end":{"line":18,"column":4}},"18":{"start":{"line":19,"column":0},"end":{"line":19,"column":16}},"19":{"start":{"line":20,"column":0},"end":{"line":20,"column":2}},"20":{"start":{"line":21,"column":0},"end":{"line":21,"column":0}},"21":{"start":{"line":22,"column":0},"end":{"line":22,"column":58}},"22":{"start":{"line":23,"column":0},"end":{"line":23,"column":19}},"23":{"start":{"line":24,"column":0},"end":{"line":24,"column":22}},"24":{"start":{"line":25,"column":0},"end":{"line":25,"column":16}},"25":{"start":{"line":26,"column":0},"end":{"line":26,"column":13}},"26":{"start":{"line":27,"column":0},"end":{"line":27,"column":16}},"27":{"start":{"line":28,"column":0},"end":{"line":28,"column":2}},"28":{"start":{"line":29,"column":0},"end":{"line":29,"column":0}},"29":{"start":{"line":30,"column":0},"end":{"line":30,"column":71}},"30":{"start":{"line":31,"column":0},"end":{"line":31,"column":41}},"31":{"start":{"line":32,"column":0},"end":{"line":32,"column":43}},"32":{"start":{"line":33,"column":0},"end":{"line":33,"column":24}},"33":{"start":{"line":34,"column":0},"end":{"line":34,"column":31}},"34":{"start":{"line":35,"column":0},"end":{"line":35,"column":9}},"35":{"start":{"line":36,"column":0},"end":{"line":36,"column":7}},"36":{"start":{"line":37,"column":0},"end":{"line":37,"column":4}},"37":{"start":{"line":38,"column":0},"end":{"line":38,"column":50}},"38":{"start":{"line":39,"column":0},"end":{"line":39,"column":43}},"39":{"start":{"line":40,"column":0},"end":{"line":40,"column":24}},"40":{"start":{"line":41,"column":0},"end":{"line":41,"column":40}},"41":{"start":{"line":42,"column":0},"end":{"line":42,"column":9}},"42":{"start":{"line":43,"column":0},"end":{"line":43,"column":7}},"43":{"start":{"line":44,"column":0},"end":{"line":44,"column":4}},"44":{"start":{"line":45,"column":0},"end":{"line":45,"column":0}},"45":{"start":{"line":46,"column":0},"end":{"line":46,"column":63}},"46":{"start":{"line":47,"column":0},"end":{"line":47,"column":43}},"47":{"start":{"line":48,"column":0},"end":{"line":48,"column":24}},"48":{"start":{"line":49,"column":0},"end":{"line":49,"column":42}},"49":{"start":{"line":50,"column":0},"end":{"line":50,"column":9}},"50":{"start":{"line":51,"column":0},"end":{"line":51,"column":7}},"51":{"start":{"line":52,"column":0},"end":{"line":52,"column":4}},"52":{"start":{"line":53,"column":0},"end":{"line":53,"column":3}},"53":{"start":{"line":54,"column":0},"end":{"line":54,"column":0}},"54":{"start":{"line":55,"column":0},"end":{"line":55,"column":69}},"55":{"start":{"line":56,"column":0},"end":{"line":56,"column":41}},"56":{"start":{"line":57,"column":0},"end":{"line":57,"column":45}},"57":{"start":{"line":58,"column":0},"end":{"line":58,"column":24}},"58":{"start":{"line":59,"column":0},"end":{"line":59,"column":34}},"59":{"start":{"line":60,"column":0},"end":{"line":60,"column":9}},"60":{"start":{"line":61,"column":0},"end":{"line":61,"column":7}},"61":{"start":{"line":62,"column":0},"end":{"line":62,"column":4}},"62":{"start":{"line":63,"column":0},"end":{"line":63,"column":50}},"63":{"start":{"line":64,"column":0},"end":{"line":64,"column":45}},"64":{"start":{"line":65,"column":0},"end":{"line":65,"column":24}},"65":{"start":{"line":66,"column":0},"end":{"line":66,"column":40}},"66":{"start":{"line":67,"column":0},"end":{"line":67,"column":9}},"67":{"start":{"line":68,"column":0},"end":{"line":68,"column":7}},"68":{"start":{"line":69,"column":0},"end":{"line":69,"column":4}},"69":{"start":{"line":70,"column":0},"end":{"line":70,"column":0}},"70":{"start":{"line":71,"column":0},"end":{"line":71,"column":63}},"71":{"start":{"line":72,"column":0},"end":{"line":72,"column":45}},"72":{"start":{"line":73,"column":0},"end":{"line":73,"column":24}},"73":{"start":{"line":74,"column":0},"end":{"line":74,"column":48}},"74":{"start":{"line":75,"column":0},"end":{"line":75,"column":9}},"75":{"start":{"line":76,"column":0},"end":{"line":76,"column":7}},"76":{"start":{"line":77,"column":0},"end":{"line":77,"column":4}},"77":{"start":{"line":78,"column":0},"end":{"line":78,"column":3}}},"s":{"0":1,"1":1,"2":1,"3":1,"4":1,"5":1,"6":1,"7":1,"8":1,"9":1,"10":1,"11":1,"12":1,"13":1,"14":1,"15":1,"16":1,"17":1,"18":1,"19":1,"20":1,"21":1,"22":1,"23":1,"24":1,"25":1,"26":1,"27":1,"28":1,"29":1,"30":3,"31":0,"32":0,"33":0,"34":0,"35":0,"36":0,"37":3,"38":0,"39":0,"40":0,"41":0,"42":0,"43":0,"44":3,"45":3,"46":3,"47":3,"48":3,"49":3,"50":3,"51":3,"52":3,"53":1,"54":1,"55":2,"56":0,"57":0,"58":0,"59":0,"60":0,"61":0,"62":2,"63":0,"64":0,"65":0,"66":0,"67":0,"68":0,"69":2,"70":2,"71":2,"72":2,"73":2,"74":2,"75":2,"76":2,"77":2},"branchMap":{"0":{"type":"branch","line":30,"loc":{"start":{"line":30,"column":44},"end":{"line":53,"column":3}},"locations":[{"start":{"line":30,"column":44},"end":{"line":53,"column":3}}]},"1":{"type":"branch","line":46,"loc":{"start":{"line":46,"column":2},"end":{"line":52,"column":4}},"locations":[{"start":{"line":46,"column":2},"end":{"line":52,"column":4}}]},"2":{"type":"branch","line":47,"loc":{"start":{"line":47,"column":29},"end":{"line":51,"column":5}},"locations":[{"start":{"line":47,"column":29},"end":{"line":51,"column":5}}]},"3":{"type":"branch","line":48,"loc":{"start":{"line":48,"column":17},"end":{"line":50,"column":7}},"locations":[{"start":{"line":48,"column":17},"end":{"line":50,"column":7}}]},"4":{"type":"branch","line":55,"loc":{"start":{"line":55,"column":42},"end":{"line":78,"column":3}},"locations":[{"start":{"line":55,"column":42},"end":{"line":78,"column":3}}]},"5":{"type":"branch","line":71,"loc":{"start":{"line":71,"column":2},"end":{"line":77,"column":4}},"locations":[{"start":{"line":71,"column":2},"end":{"line":77,"column":4}}]},"6":{"type":"branch","line":72,"loc":{"start":{"line":72,"column":29},"end":{"line":76,"column":5}},"locations":[{"start":{"line":72,"column":29},"end":{"line":76,"column":5}}]},"7":{"type":"branch","line":73,"loc":{"start":{"line":73,"column":17},"end":{"line":75,"column":7}},"locations":[{"start":{"line":73,"column":17},"end":{"line":75,"column":7}}]}},"b":{"0":[3],"1":[3],"2":[3],"3":[3],"4":[2],"5":[2],"6":[2],"7":[2]},"fnMap":{"0":{"name":"productRepositoryMockSuccess","decl":{"start":{"line":30,"column":44},"end":{"line":53,"column":3}},"loc":{"start":{"line":30,"column":44},"end":{"line":53,"column":3}},"line":30},"1":{"name":"getAll","decl":{"start":{"line":31,"column":2},"end":{"line":37,"column":4}},"loc":{"start":{"line":31,"column":2},"end":{"line":37,"column":4}},"line":31},"2":{"name":"getById","decl":{"start":{"line":38,"column":2},"end":{"line":44,"column":4}},"loc":{"start":{"line":38,"column":2},"end":{"line":44,"column":4}},"line":38},"3":{"name":"create","decl":{"start":{"line":46,"column":2},"end":{"line":52,"column":4}},"loc":{"start":{"line":46,"column":2},"end":{"line":52,"column":4}},"line":46},"4":{"name":"productRepositoryMockError","decl":{"start":{"line":55,"column":42},"end":{"line":78,"column":3}},"loc":{"start":{"line":55,"column":42},"end":{"line":78,"column":3}},"line":55},"5":{"name":"getAll","decl":{"start":{"line":56,"column":2},"end":{"line":62,"column":4}},"loc":{"start":{"line":56,"column":2},"end":{"line":62,"column":4}},"line":56},"6":{"name":"getById","decl":{"start":{"line":63,"column":2},"end":{"line":69,"column":4}},"loc":{"start":{"line":63,"column":2},"end":{"line":69,"column":4}},"line":63},"7":{"name":"create","decl":{"start":{"line":71,"column":2},"end":{"line":77,"column":4}},"loc":{"start":{"line":71,"column":2},"end":{"line":77,"column":4}},"line":71}},"f":{"0":3,"1":0,"2":0,"3":3,"4":2,"5":0,"6":0,"7":2}}
,"/Users/evgenijfedoseev/development/frontend/vue-ecommerce-ddd-demo/src/domain/mocks/product.ts": {"path":"/Users/evgenijfedoseev/development/frontend/vue-ecommerce-ddd-demo/src/domain/mocks/product.ts","all":false,"statementMap":{"0":{"start":{"line":1,"column":0},"end":{"line":1,"column":53}},"1":{"start":{"line":2,"column":0},"end":{"line":2,"column":82}},"2":{"start":{"line":3,"column":0},"end":{"line":3,"column":0}},"3":{"start":{"line":4,"column":0},"end":{"line":4,"column":37}},"4":{"start":{"line":5,"column":0},"end":{"line":5,"column":19}},"5":{"start":{"line":6,"column":0},"end":{"line":6,"column":22}},"6":{"start":{"line":7,"column":0},"end":{"line":7,"column":8}},"7":{"start":{"line":8,"column":0},"end":{"line":8,"column":16}},"8":{"start":{"line":9,"column":0},"end":{"line":9,"column":13}},"9":{"start":{"line":10,"column":0},"end":{"line":10,"column":11}},"10":{"start":{"line":11,"column":0},"end":{"line":11,"column":15}},"11":{"start":{"line":12,"column":0},"end":{"line":12,"column":14}},"12":{"start":{"line":13,"column":0},"end":{"line":13,"column":4}},"13":{"start":{"line":14,"column":0},"end":{"line":14,"column":16}},"14":{"start":{"line":15,"column":0},"end":{"line":15,"column":2}},"15":{"start":{"line":16,"column":0},"end":{"line":16,"column":0}},"16":{"start":{"line":17,"column":0},"end":{"line":17,"column":58}},"17":{"start":{"line":18,"column":0},"end":{"line":18,"column":19}},"18":{"start":{"line":19,"column":0},"end":{"line":19,"column":22}},"19":{"start":{"line":20,"column":0},"end":{"line":20,"column":16}},"20":{"start":{"line":21,"column":0},"end":{"line":21,"column":13}},"21":{"start":{"line":22,"column":0},"end":{"line":22,"column":16}},"22":{"start":{"line":23,"column":0},"end":{"line":23,"column":2}}},"s":{"0":1,"1":1,"2":1,"3":1,"4":1,"5":1,"6":1,"7":1,"8":1,"9":1,"10":1,"11":1,"12":1,"13":1,"14":1,"15":1,"16":1,"17":1,"18":1,"19":1,"20":1,"21":1,"22":1},"branchMap":{},"b":{},"fnMap":{},"f":{}}
,"/Users/evgenijfedoseev/development/frontend/vue-ecommerce-ddd-demo/src/domain/providers/notifications.provider.ts": {"path":"/Users/evgenijfedoseev/development/frontend/vue-ecommerce-ddd-demo/src/domain/providers/notifications.provider.ts","all":false,"statementMap":{"0":{"start":{"line":1,"column":0},"end":{"line":1,"column":52}},"1":{"start":{"line":2,"column":0},"end":{"line":2,"column":33}},"2":{"start":{"line":3,"column":0},"end":{"line":3,"column":22}},"3":{"start":{"line":4,"column":0},"end":{"line":4,"column":18}},"4":{"start":{"line":5,"column":0},"end":{"line":5,"column":1}},"5":{"start":{"line":6,"column":0},"end":{"line":6,"column":0}},"6":{"start":{"line":7,"column":0},"end":{"line":7,"column":46}},"7":{"start":{"line":8,"column":0},"end":{"line":8,"column":26}},"8":{"start":{"line":9,"column":0},"end":{"line":9,"column":16}},"9":{"start":{"line":10,"column":0},"end":{"line":10,"column":23}},"10":{"start":{"line":11,"column":0},"end":{"line":11,"column":1}},"11":{"start":{"line":12,"column":0},"end":{"line":12,"column":0}},"12":{"start":{"line":13,"column":0},"end":{"line":13,"column":40}},"13":{"start":{"line":14,"column":0},"end":{"line":14,"column":52}},"14":{"start":{"line":15,"column":0},"end":{"line":15,"column":1}}},"s":{"0":1,"1":1,"2":1,"3":1,"4":1,"5":1,"6":1,"7":1,"8":1,"9":1,"10":1,"11":1,"12":1,"13":1,"14":1},"branchMap":{"0":{"type":"branch","line":2,"loc":{"start":{"line":2,"column":7},"end":{"line":2,"column":33}},"locations":[{"start":{"line":2,"column":7},"end":{"line":2,"column":33}}]}},"b":{"0":[1]},"fnMap":{},"f":{}}
,"/Users/evgenijfedoseev/development/frontend/vue-ecommerce-ddd-demo/src/domain/service/notifier.service.ts": {"path":"/Users/evgenijfedoseev/development/frontend/vue-ecommerce-ddd-demo/src/domain/service/notifier.service.ts","all":false,"statementMap":{"0":{"start":{"line":1,"column":0},"end":{"line":1,"column":8}},"1":{"start":{"line":2,"column":0},"end":{"line":2,"column":24}},"2":{"start":{"line":3,"column":0},"end":{"line":3,"column":30}},"3":{"start":{"line":4,"column":0},"end":{"line":4,"column":54}},"4":{"start":{"line":5,"column":0},"end":{"line":5,"column":0}},"5":{"start":{"line":6,"column":0},"end":{"line":6,"column":32}},"6":{"start":{"line":7,"column":0},"end":{"line":7,"column":33}},"7":{"start":{"line":8,"column":0},"end":{"line":8,"column":29}},"8":{"start":{"line":9,"column":0},"end":{"line":9,"column":57}},"9":{"start":{"line":10,"column":0},"end":{"line":10,"column":28}},"10":{"start":{"line":11,"column":0},"end":{"line":11,"column":0}},"11":{"start":{"line":12,"column":0},"end":{"line":12,"column":10}},"12":{"start":{"line":13,"column":0},"end":{"line":13,"column":11}},"13":{"start":{"line":14,"column":0},"end":{"line":14,"column":4}},"14":{"start":{"line":15,"column":0},"end":{"line":15,"column":2}},"15":{"start":{"line":16,"column":0},"end":{"line":16,"column":0}},"16":{"start":{"line":17,"column":0},"end":{"line":17,"column":65}}},"s":{"0":1,"1":1,"2":1,"3":1,"4":1,"5":1,"6":5,"7":5,"8":5,"9":5,"10":5,"11":5,"12":5,"13":5,"14":5,"15":1,"16":1},"branchMap":{"0":{"type":"branch","line":6,"loc":{"start":{"line":6,"column":31},"end":{"line":15,"column":2}},"locations":[{"start":{"line":6,"column":31},"end":{"line":15,"column":2}}]},"1":{"type":"branch","line":9,"loc":{"start":{"line":9,"column":17},"end":{"line":10,"column":28}},"locations":[{"start":{"line":9,"column":17},"end":{"line":10,"column":28}}]}},"b":{"0":[5],"1":[5]},"fnMap":{"0":{"name":"notifierService","decl":{"start":{"line":6,"column":31},"end":{"line":15,"column":2}},"loc":{"start":{"line":6,"column":31},"end":{"line":15,"column":2}},"line":6},"1":{"name":"notify","decl":{"start":{"line":9,"column":17},"end":{"line":10,"column":28}},"loc":{"start":{"line":9,"column":17},"end":{"line":10,"column":28}},"line":9}},"f":{"0":5,"1":5}}
,"/Users/evgenijfedoseev/development/frontend/vue-ecommerce-ddd-demo/src/domain/service/product.service.ts": {"path":"/Users/evgenijfedoseev/development/frontend/vue-ecommerce-ddd-demo/src/domain/service/product.service.ts","all":false,"statementMap":{"0":{"start":{"line":1,"column":0},"end":{"line":1,"column":8}},"1":{"start":{"line":2,"column":0},"end":{"line":2,"column":22}},"2":{"start":{"line":3,"column":0},"end":{"line":3,"column":20}},"3":{"start":{"line":4,"column":0},"end":{"line":4,"column":50}},"4":{"start":{"line":5,"column":0},"end":{"line":5,"column":53}},"5":{"start":{"line":6,"column":0},"end":{"line":6,"column":71}},"6":{"start":{"line":7,"column":0},"end":{"line":7,"column":83}},"7":{"start":{"line":8,"column":0},"end":{"line":8,"column":0}},"8":{"start":{"line":9,"column":0},"end":{"line":9,"column":76}},"9":{"start":{"line":10,"column":0},"end":{"line":10,"column":69}},"10":{"start":{"line":11,"column":0},"end":{"line":11,"column":0}},"11":{"start":{"line":12,"column":0},"end":{"line":12,"column":31}},"12":{"start":{"line":13,"column":0},"end":{"line":13,"column":32}},"13":{"start":{"line":14,"column":0},"end":{"line":14,"column":27}},"14":{"start":{"line":15,"column":0},"end":{"line":15,"column":6}},"15":{"start":{"line":16,"column":0},"end":{"line":16,"column":57}},"16":{"start":{"line":17,"column":0},"end":{"line":17,"column":43}},"17":{"start":{"line":18,"column":0},"end":{"line":18,"column":0}},"18":{"start":{"line":19,"column":0},"end":{"line":19,"column":24}},"19":{"start":{"line":20,"column":0},"end":{"line":20,"column":31}},"20":{"start":{"line":21,"column":0},"end":{"line":21,"column":33}},"21":{"start":{"line":22,"column":0},"end":{"line":22,"column":9}},"22":{"start":{"line":23,"column":0},"end":{"line":23,"column":49}},"23":{"start":{"line":24,"column":0},"end":{"line":24,"column":0}},"24":{"start":{"line":25,"column":0},"end":{"line":25,"column":23}},"25":{"start":{"line":26,"column":0},"end":{"line":26,"column":42}},"26":{"start":{"line":27,"column":0},"end":{"line":27,"column":44}},"27":{"start":{"line":28,"column":0},"end":{"line":28,"column":9}},"28":{"start":{"line":29,"column":0},"end":{"line":29,"column":0}},"29":{"start":{"line":30,"column":0},"end":{"line":30,"column":62}},"30":{"start":{"line":31,"column":0},"end":{"line":31,"column":17}},"31":{"start":{"line":32,"column":0},"end":{"line":32,"column":23}},"32":{"start":{"line":33,"column":0},"end":{"line":33,"column":40}},"33":{"start":{"line":34,"column":0},"end":{"line":34,"column":42}},"34":{"start":{"line":35,"column":0},"end":{"line":35,"column":9}},"35":{"start":{"line":36,"column":0},"end":{"line":36,"column":0}},"36":{"start":{"line":37,"column":0},"end":{"line":37,"column":18}},"37":{"start":{"line":38,"column":0},"end":{"line":38,"column":5}},"38":{"start":{"line":39,"column":0},"end":{"line":39,"column":4}},"39":{"start":{"line":40,"column":0},"end":{"line":40,"column":0}},"40":{"start":{"line":41,"column":0},"end":{"line":41,"column":10}},"41":{"start":{"line":42,"column":0},"end":{"line":42,"column":12}},"42":{"start":{"line":43,"column":0},"end":{"line":43,"column":11}},"43":{"start":{"line":44,"column":0},"end":{"line":44,"column":11}},"44":{"start":{"line":45,"column":0},"end":{"line":45,"column":4}},"45":{"start":{"line":46,"column":0},"end":{"line":46,"column":2}}},"s":{"0":1,"1":1,"2":1,"3":1,"4":1,"5":1,"6":1,"7":1,"8":1,"9":1,"10":1,"11":1,"12":5,"13":5,"14":5,"15":5,"16":5,"17":5,"18":5,"19":5,"20":5,"21":5,"22":5,"23":3,"24":3,"25":3,"26":3,"27":3,"28":3,"29":3,"30":5,"31":2,"32":2,"33":2,"34":2,"35":2,"36":2,"37":2,"38":5,"39":5,"40":5,"41":5,"42":5,"43":5,"44":5,"45":5},"branchMap":{"0":{"type":"branch","line":12,"loc":{"start":{"line":12,"column":30},"end":{"line":46,"column":2}},"locations":[{"start":{"line":12,"column":30},"end":{"line":46,"column":2}}]},"1":{"type":"branch","line":19,"loc":{"start":{"line":19,"column":17},"end":{"line":39,"column":4}},"locations":[{"start":{"line":19,"column":17},"end":{"line":39,"column":4}}]},"2":{"type":"branch","line":23,"loc":{"start":{"line":23,"column":47},"end":{"line":31,"column":13}},"locations":[{"start":{"line":23,"column":47},"end":{"line":31,"column":13}}]},"3":{"type":"branch","line":31,"loc":{"start":{"line":31,"column":4},"end":{"line":38,"column":5}},"locations":[{"start":{"line":31,"column":4},"end":{"line":38,"column":5}}]}},"b":{"0":[5],"1":[5],"2":[3],"3":[2]},"fnMap":{"0":{"name":"productService","decl":{"start":{"line":12,"column":30},"end":{"line":46,"column":2}},"loc":{"start":{"line":12,"column":30},"end":{"line":46,"column":2}},"line":12},"1":{"name":"getById","decl":{"start":{"line":16,"column":18},"end":{"line":16,"column":57}},"loc":{"start":{"line":16,"column":18},"end":{"line":16,"column":57}},"line":16},"2":{"name":"getAll","decl":{"start":{"line":17,"column":17},"end":{"line":17,"column":43}},"loc":{"start":{"line":17,"column":17},"end":{"line":17,"column":43}},"line":17},"3":{"name":"create","decl":{"start":{"line":19,"column":17},"end":{"line":39,"column":4}},"loc":{"start":{"line":19,"column":17},"end":{"line":39,"column":4}},"line":19}},"f":{"0":5,"1":0,"2":0,"3":5}}
}
